<?xml version="1.0" encoding="UTF-8"?>
<!-- Generated by org.testng.reporters.JUnitReportReporter -->
<testsuite hostname="NSHAIKH-L1-3528" failures="0" tests="2" name="testNG.New2" time="0.004" errors="0" timestamp="2024-12-13T12:24:45 IST" skipped="0">
  <testcase classname="testNG.New2" name="annot" time="0.002"/>
  <system-out/>
  <testcase classname="testNG.New2" name="Demo" time="0.002"/>
  <system-out/>
</testsuite> <!-- testNG.New2 -->
