<?xml version="1.0" encoding="UTF-8"?>
<!-- Generated by org.testng.reporters.JUnitReportReporter -->
<testsuite hostname="NSHAIKH-L1-3528" failures="0" tests="8" name="testNG.New3" time="0.015" errors="0" timestamp="2024-12-13T12:24:45 IST" skipped="0">
  <testcase classname="testNG.New3" name="LoginDetails" time="0.003"/>
  <system-out/>
  <testcase classname="testNG.New3" name="LearnBasic" time="0.001"/>
  <system-out/>
  <testcase classname="testNG.New3" name="LearnBasic" time="0.003"/>
  <system-out/>
  <testcase classname="testNG.New3" name="LearnJava" time="0.001"/>
  <system-out/>
  <testcase classname="testNG.New3" name="LearnOOPS" time="0.001"/>
  <system-out/>
  <testcase classname="testNG.New3" name="Learning" time="0.003"/>
  <system-out/>
  <testcase classname="testNG.New3" name="LearnBasic" time="0.002"/>
  <system-out/>
  <testcase classname="testNG.New3" name="LearningSelenium" time="0.001"/>
  <system-out/>
</testsuite> <!-- testNG.New3 -->
