<?xml version="1.0" encoding="UTF-8"?>
<!-- Generated by org.testng.reporters.JUnitReportReporter -->
<testsuite hostname="NSHAIKH-L1-3528" failures="0" tests="2" name="testNG.New1" time="0.015" errors="0" timestamp="2024-12-13T12:24:45 IST" skipped="0">
  <testcase classname="testNG.New1" name="AnotherDemo" time="0.013"/>
  <system-out/>
  <testcase classname="testNG.New1" name="Demo" time="0.002"/>
  <system-out/>
</testsuite> <!-- testNG.New1 -->
