<?xml version="1.0" encoding="UTF-8"?>
<!-- Generated by org.testng.reporters.JUnitReportReporter -->
<testsuite hostname="NSHAIKH-L1-3528" failures="0" tests="1" name="practice.JenkinsDemo" time="16.682" errors="0" timestamp="2024-12-13T12:32:04 IST" skipped="0">
  <testcase classname="practice.JenkinsDemo" name="testmethod" time="16.682"/>
  <system-out/>
</testsuite> <!-- practice.JenkinsDemo -->
