<?xml version="1.0" encoding="UTF-8"?>
<!-- Generated by org.testng.reporters.JUnitReportReporter -->
<testsuite hostname="NSHAIKH-L1-3528" failures="0" tests="1" name="testNG.New4" time="0.001" errors="0" timestamp="2024-12-13T12:24:45 IST" skipped="0">
  <testcase classname="testNG.New4" name="LearnAPI" time="0.001"/>
  <system-out/>
</testsuite> <!-- testNG.New4 -->
